<?xml version="1.0" encoding="UTF-8"?>
<testsuites name="TS-01CuraKatalon" time="57" tests="3" failures="0" errors="0">
   <testsuite name="TS-01CuraKatalon" tests="3" failures="0" errors="0" time="57" timestamp="2018-12-18 20:17:27" hostname="aluno - HT10.supera.com.br" id="Test Suites/TS-01CuraKatalon">
      <properties>
         <property name="deviceName" value=""/>
         <property name="devicePlatform" value=""/>
         <property name="logFolder" value="C:\\Users\\aluno\\Katalon Studio\\Katalon1\\Reports\\TS-01CuraKatalon\\20181218_201724"/>
         <property name="logFiles" value="C:\\Users\\aluno\\Katalon Studio\\Katalon1\\Reports\\TS-01CuraKatalon\\20181218_201724\\execution0.log"/>
         <property name="attachments" value=""/>
         <property name="hostName" value="aluno - HT10.supera.com.br"/>
         <property name="os" value="Windows 10 64bit"/>
         <property name="katalonVersion" value="5.9.1.2"/>
         <property name="browser" value="Firefox 64.0"/>
         <property name="hostAddress" value="192.168.5.13"/>
         <property name="sessionId" value="68b00d3e-fba3-490f-abce-c9aa84712609"/>
         <property name="seleniumVersion" value="3.7.1"/>
         <property name="proxyInformation" value="ProxyInformation{proxyOption=NO_PROXY, proxyServerType=HTTP, password=, proxyServerAddress=, proxyServerPort=0}"/>
         <property name="platform" value="Windows 10"/>
      </properties>
      <testcase name="Test Cases/TC01-Login" classname="Test Cases/TC01-Login" status="PASSED">
         <system-out><![CDATA[2018-12-18 20:17:27 - [TEST_CASE][PASSED] - Test Cases/TC01-Login: Test Cases/TC01-Login

2018-12-18 20:17:28 - [TEST_STEP][PASSED] - openBrowser(""): Browser is opened with url: ''

2018-12-18 20:17:29 - [MESSAGE][INFO] - Starting 'Firefox' driver

2018-12-18 20:17:29 - [MESSAGE][INFO] - Action delay is set to 0 seconds

2018-12-18 20:17:36 - [MESSAGE][PASSED] - Browser is opened with url: ''

2018-12-18 20:17:36 - [TEST_STEP][PASSED] - navigateToUrl("https://katalon-demo-cura.herokuapp.com/"): Navigate to 'https://katalon-demo-cura.herokuapp.com/' successfully

2018-12-18 20:17:42 - [MESSAGE][PASSED] - Navigate to 'https://katalon-demo-cura.herokuapp.com/' successfully

2018-12-18 20:17:42 - [TEST_STEP][PASSED] - click(findTestObject("Object Repository/Login/Page_CURA Healthcare Service/a_Make Appointment")): Object: 'Object Repository/Login/Page_CURA Healthcare Service/a_Make Appointment' is clicked on

2018-12-18 20:17:43 - [MESSAGE][PASSED] - Object: 'Object Repository/Login/Page_CURA Healthcare Service/a_Make Appointment' is clicked on

2018-12-18 20:17:43 - [TEST_STEP][PASSED] - setText(findTestObject("Object Repository/Login/Page_CURA Healthcare Service/input_Username_username"), "John Doe"): Text 'John Doe' is set on object 'Object Repository/Login/Page_CURA Healthcare Service/input_Username_username'

2018-12-18 20:17:43 - [MESSAGE][PASSED] - Text 'John Doe' is set on object 'Object Repository/Login/Page_CURA Healthcare Service/input_Username_username'

2018-12-18 20:17:43 - [TEST_STEP][PASSED] - setEncryptedText(findTestObject("Object Repository/Login/Page_CURA Healthcare Service/input_Password_password"), "g3/DOGG74jC3Flrr3yH+3D/yKbOqqUNM"): Text ****** has been set on object 'Object Repository/Login/Page_CURA Healthcare Service/input_Password_password'

2018-12-18 20:17:43 - [MESSAGE][PASSED] - Text ****** has been set on object 'Object Repository/Login/Page_CURA Healthcare Service/input_Password_password'

2018-12-18 20:17:43 - [TEST_STEP][PASSED] - click(findTestObject("Object Repository/Login/Page_CURA Healthcare Service/button_Login")): Object: 'Object Repository/Login/Page_CURA Healthcare Service/button_Login' is clicked on

2018-12-18 20:17:44 - [MESSAGE][PASSED] - Object: 'Object Repository/Login/Page_CURA Healthcare Service/button_Login' is clicked on

2018-12-18 20:17:44 - [TEST_STEP][PASSED] - closeBrowser(): Browser is closed

2018-12-18 20:17:46 - [MESSAGE][PASSED] - Browser is closed]]></system-out>
         <system-err><![CDATA[]]></system-err>
      </testcase>
      <testcase name="Test Cases/TC02-Marcar Consulta" classname="Test Cases/TC02-Marcar Consulta" status="PASSED">
         <system-out><![CDATA[2018-12-18 20:17:46 - [TEST_CASE][PASSED] - Test Cases/TC02-Marcar Consulta: Test Cases/TC02-Marcar Consulta

2018-12-18 20:17:46 - [TEST_STEP][PASSED] - openBrowser(""): Browser is opened with url: ''

2018-12-18 20:17:46 - [MESSAGE][INFO] - Starting 'Firefox' driver

2018-12-18 20:17:53 - [MESSAGE][PASSED] - Browser is opened with url: ''

2018-12-18 20:17:53 - [TEST_STEP][PASSED] - navigateToUrl("https://katalon-demo-cura.herokuapp.com/"): Navigate to 'https://katalon-demo-cura.herokuapp.com/' successfully

2018-12-18 20:18:00 - [MESSAGE][PASSED] - Navigate to 'https://katalon-demo-cura.herokuapp.com/' successfully

2018-12-18 20:18:00 - [TEST_STEP][PASSED] - click(findTestObject("Object Repository/Marcar consulta/Page_CURA Healthcare Service/a_Make Appointment")): Object: 'Object Repository/Marcar consulta/Page_CURA Healthcare Service/a_Make Appointment' is clicked on

2018-12-18 20:18:00 - [MESSAGE][PASSED] - Object: 'Object Repository/Marcar consulta/Page_CURA Healthcare Service/a_Make Appointment' is clicked on

2018-12-18 20:18:00 - [TEST_STEP][PASSED] - setText(findTestObject("Object Repository/Marcar consulta/Page_CURA Healthcare Service/input_Username_username"), "John Doe"): Text 'John Doe' is set on object 'Object Repository/Marcar consulta/Page_CURA Healthcare Service/input_Username_username'

2018-12-18 20:18:01 - [MESSAGE][PASSED] - Text 'John Doe' is set on object 'Object Repository/Marcar consulta/Page_CURA Healthcare Service/input_Username_username'

2018-12-18 20:18:01 - [TEST_STEP][PASSED] - setEncryptedText(findTestObject("Object Repository/Marcar consulta/Page_CURA Healthcare Service/input_Password_password"), "g3/DOGG74jC3Flrr3yH+3D/yKbOqqUNM"): Text ****** has been set on object 'Object Repository/Marcar consulta/Page_CURA Healthcare Service/input_Password_password'

2018-12-18 20:18:01 - [MESSAGE][PASSED] - Text ****** has been set on object 'Object Repository/Marcar consulta/Page_CURA Healthcare Service/input_Password_password'

2018-12-18 20:18:01 - [TEST_STEP][PASSED] - click(findTestObject("Object Repository/Marcar consulta/Page_CURA Healthcare Service/button_Login")): Object: 'Object Repository/Marcar consulta/Page_CURA Healthcare Service/button_Login' is clicked on

2018-12-18 20:18:01 - [MESSAGE][PASSED] - Object: 'Object Repository/Marcar consulta/Page_CURA Healthcare Service/button_Login' is clicked on

2018-12-18 20:18:01 - [TEST_STEP][PASSED] - selectOptionByValue(findTestObject("Object Repository/Marcar consulta/Page_CURA Healthcare Service/select_Tokyo CURA Healthcare C"), "Hongkong CURA Healthcare Center", true): All options with value 'Hongkong CURA Healthcare Center' are selected in object 'Object Repository/Marcar consulta/Page_CURA Healthcare Service/select_Tokyo CURA Healthcare C'  using regular expression

2018-12-18 20:18:02 - [MESSAGE][PASSED] - All options with value 'Hongkong CURA Healthcare Center' are selected in object 'Object Repository/Marcar consulta/Page_CURA Healthcare Service/select_Tokyo CURA Healthcare C'  using regular expression

2018-12-18 20:18:02 - [TEST_STEP][PASSED] - click(findTestObject("Object Repository/Marcar consulta/Page_CURA Healthcare Service/input_Apply for hospital readm")): Object: 'Object Repository/Marcar consulta/Page_CURA Healthcare Service/input_Apply for hospital readm' is clicked on

2018-12-18 20:18:02 - [MESSAGE][PASSED] - Object: 'Object Repository/Marcar consulta/Page_CURA Healthcare Service/input_Apply for hospital readm' is clicked on

2018-12-18 20:18:02 - [TEST_STEP][PASSED] - click(findTestObject("Object Repository/Marcar consulta/Page_CURA Healthcare Service/span_Visit Date (Required)_gly")): Object: 'Object Repository/Marcar consulta/Page_CURA Healthcare Service/span_Visit Date (Required)_gly' is clicked on

2018-12-18 20:18:02 - [MESSAGE][PASSED] - Object: 'Object Repository/Marcar consulta/Page_CURA Healthcare Service/span_Visit Date (Required)_gly' is clicked on

2018-12-18 20:18:02 - [TEST_STEP][PASSED] - click(findTestObject("Object Repository/Marcar consulta/Page_CURA Healthcare Service/td_11")): Object: 'Object Repository/Marcar consulta/Page_CURA Healthcare Service/td_11' is clicked on

2018-12-18 20:18:03 - [MESSAGE][PASSED] - Object: 'Object Repository/Marcar consulta/Page_CURA Healthcare Service/td_11' is clicked on

2018-12-18 20:18:03 - [TEST_STEP][PASSED] - setText(findTestObject("Object Repository/Marcar consulta/Page_CURA Healthcare Service/textarea_Comment_comment"), "Consulta"): Text 'Consulta' is set on object 'Object Repository/Marcar consulta/Page_CURA Healthcare Service/textarea_Comment_comment'

2018-12-18 20:18:03 - [MESSAGE][PASSED] - Text 'Consulta' is set on object 'Object Repository/Marcar consulta/Page_CURA Healthcare Service/textarea_Comment_comment'

2018-12-18 20:18:03 - [TEST_STEP][PASSED] - click(findTestObject("Object Repository/Marcar consulta/Page_CURA Healthcare Service/button_Book Appointment")): Object: 'Object Repository/Marcar consulta/Page_CURA Healthcare Service/button_Book Appointment' is clicked on

2018-12-18 20:18:03 - [MESSAGE][PASSED] - Object: 'Object Repository/Marcar consulta/Page_CURA Healthcare Service/button_Book Appointment' is clicked on

2018-12-18 20:18:03 - [TEST_STEP][PASSED] - click(findTestObject("Object Repository/Marcar consulta/Page_CURA Healthcare Service/a_Go to Homepage")): Object: 'Object Repository/Marcar consulta/Page_CURA Healthcare Service/a_Go to Homepage' is clicked on

2018-12-18 20:18:04 - [MESSAGE][PASSED] - Object: 'Object Repository/Marcar consulta/Page_CURA Healthcare Service/a_Go to Homepage' is clicked on]]></system-out>
         <system-err><![CDATA[]]></system-err>
      </testcase>
      <testcase name="Test Cases/Verificar Consulta" classname="Test Cases/Verificar Consulta" status="PASSED">
         <system-out><![CDATA[2018-12-18 20:18:04 - [TEST_CASE][PASSED] - Test Cases/Verificar Consulta: Test Cases/Verificar Consulta

2018-12-18 20:18:04 - [TEST_STEP][PASSED] - openBrowser(""): Browser is opened with url: ''

2018-12-18 20:18:04 - [MESSAGE][WARNING] - A browser is already opened. Closing browser and opening a new one

2018-12-18 20:18:06 - [MESSAGE][INFO] - Starting 'Firefox' driver

2018-12-18 20:18:12 - [MESSAGE][PASSED] - Browser is opened with url: ''

2018-12-18 20:18:12 - [TEST_STEP][PASSED] - navigateToUrl("https://katalon-demo-cura.herokuapp.com/"): Navigate to 'https://katalon-demo-cura.herokuapp.com/' successfully

2018-12-18 20:18:17 - [MESSAGE][PASSED] - Navigate to 'https://katalon-demo-cura.herokuapp.com/' successfully

2018-12-18 20:18:17 - [TEST_STEP][PASSED] - click(findTestObject("Object Repository/Verificar Consulta/Page_CURA Healthcare Service/a_Make Appointment")): Object: 'Object Repository/Verificar Consulta/Page_CURA Healthcare Service/a_Make Appointment' is clicked on

2018-12-18 20:18:18 - [MESSAGE][PASSED] - Object: 'Object Repository/Verificar Consulta/Page_CURA Healthcare Service/a_Make Appointment' is clicked on

2018-12-18 20:18:18 - [TEST_STEP][PASSED] - setText(findTestObject("Object Repository/Verificar Consulta/Page_CURA Healthcare Service/input_Username_username"), "John Doe"): Text 'John Doe' is set on object 'Object Repository/Verificar Consulta/Page_CURA Healthcare Service/input_Username_username'

2018-12-18 20:18:18 - [MESSAGE][PASSED] - Text 'John Doe' is set on object 'Object Repository/Verificar Consulta/Page_CURA Healthcare Service/input_Username_username'

2018-12-18 20:18:18 - [TEST_STEP][PASSED] - setEncryptedText(findTestObject("Object Repository/Verificar Consulta/Page_CURA Healthcare Service/input_Password_password"), "g3/DOGG74jC3Flrr3yH+3D/yKbOqqUNM"): Text ****** has been set on object 'Object Repository/Verificar Consulta/Page_CURA Healthcare Service/input_Password_password'

2018-12-18 20:18:18 - [MESSAGE][PASSED] - Text ****** has been set on object 'Object Repository/Verificar Consulta/Page_CURA Healthcare Service/input_Password_password'

2018-12-18 20:18:18 - [TEST_STEP][PASSED] - click(findTestObject("Object Repository/Verificar Consulta/Page_CURA Healthcare Service/button_Login")): Object: 'Object Repository/Verificar Consulta/Page_CURA Healthcare Service/button_Login' is clicked on

2018-12-18 20:18:19 - [MESSAGE][PASSED] - Object: 'Object Repository/Verificar Consulta/Page_CURA Healthcare Service/button_Login' is clicked on

2018-12-18 20:18:19 - [TEST_STEP][PASSED] - selectOptionByValue(findTestObject("Object Repository/Verificar Consulta/Page_CURA Healthcare Service/select_Tokyo CURA Healthcare C"), "Seoul CURA Healthcare Center", true): All options with value 'Seoul CURA Healthcare Center' are selected in object 'Object Repository/Verificar Consulta/Page_CURA Healthcare Service/select_Tokyo CURA Healthcare C'  using regular expression

2018-12-18 20:18:19 - [MESSAGE][PASSED] - All options with value 'Seoul CURA Healthcare Center' are selected in object 'Object Repository/Verificar Consulta/Page_CURA Healthcare Service/select_Tokyo CURA Healthcare C'  using regular expression

2018-12-18 20:18:19 - [TEST_STEP][PASSED] - click(findTestObject("Object Repository/Verificar Consulta/Page_CURA Healthcare Service/input_Apply for hospital readm")): Object: 'Object Repository/Verificar Consulta/Page_CURA Healthcare Service/input_Apply for hospital readm' is clicked on

2018-12-18 20:18:19 - [MESSAGE][PASSED] - Object: 'Object Repository/Verificar Consulta/Page_CURA Healthcare Service/input_Apply for hospital readm' is clicked on

2018-12-18 20:18:19 - [TEST_STEP][PASSED] - click(findTestObject("Object Repository/Verificar Consulta/Page_CURA Healthcare Service/input_Medicaid_programs")): Object: 'Object Repository/Verificar Consulta/Page_CURA Healthcare Service/input_Medicaid_programs' is clicked on

2018-12-18 20:18:20 - [MESSAGE][PASSED] - Object: 'Object Repository/Verificar Consulta/Page_CURA Healthcare Service/input_Medicaid_programs' is clicked on

2018-12-18 20:18:20 - [TEST_STEP][PASSED] - click(findTestObject("Object Repository/Verificar Consulta/Page_CURA Healthcare Service/span_Visit Date (Required)_gly")): Object: 'Object Repository/Verificar Consulta/Page_CURA Healthcare Service/span_Visit Date (Required)_gly' is clicked on

2018-12-18 20:18:20 - [MESSAGE][PASSED] - Object: 'Object Repository/Verificar Consulta/Page_CURA Healthcare Service/span_Visit Date (Required)_gly' is clicked on

2018-12-18 20:18:20 - [TEST_STEP][PASSED] - click(findTestObject("Object Repository/Verificar Consulta/Page_CURA Healthcare Service/td_28")): Object: 'Object Repository/Verificar Consulta/Page_CURA Healthcare Service/td_28' is clicked on

2018-12-18 20:18:20 - [MESSAGE][PASSED] - Object: 'Object Repository/Verificar Consulta/Page_CURA Healthcare Service/td_28' is clicked on

2018-12-18 20:18:20 - [TEST_STEP][PASSED] - setText(findTestObject("Object Repository/Verificar Consulta/Page_CURA Healthcare Service/textarea_Comment_comment"), "Verificando"): Text 'Verificando' is set on object 'Object Repository/Verificar Consulta/Page_CURA Healthcare Service/textarea_Comment_comment'

2018-12-18 20:18:20 - [MESSAGE][PASSED] - Text 'Verificando' is set on object 'Object Repository/Verificar Consulta/Page_CURA Healthcare Service/textarea_Comment_comment'

2018-12-18 20:18:20 - [TEST_STEP][PASSED] - click(findTestObject("Object Repository/Verificar Consulta/Page_CURA Healthcare Service/button_Book Appointment")): Object: 'Object Repository/Verificar Consulta/Page_CURA Healthcare Service/button_Book Appointment' is clicked on

2018-12-18 20:18:21 - [MESSAGE][PASSED] - Object: 'Object Repository/Verificar Consulta/Page_CURA Healthcare Service/button_Book Appointment' is clicked on

2018-12-18 20:18:21 - [TEST_STEP][PASSED] - click(findTestObject("Object Repository/Verificar Consulta/Page_CURA Healthcare Service/a_CURA Healthcare_menu-toggle")): Object: 'Object Repository/Verificar Consulta/Page_CURA Healthcare Service/a_CURA Healthcare_menu-toggle' is clicked on

2018-12-18 20:18:21 - [MESSAGE][PASSED] - Object: 'Object Repository/Verificar Consulta/Page_CURA Healthcare Service/a_CURA Healthcare_menu-toggle' is clicked on

2018-12-18 20:18:21 - [TEST_STEP][PASSED] - click(findTestObject("Object Repository/Verificar Consulta/Page_CURA Healthcare Service/a_History")): Object: 'Object Repository/Verificar Consulta/Page_CURA Healthcare Service/a_History' is clicked on

2018-12-18 20:18:21 - [MESSAGE][PASSED] - Object: 'Object Repository/Verificar Consulta/Page_CURA Healthcare Service/a_History' is clicked on

2018-12-18 20:18:21 - [TEST_STEP][PASSED] - check(findTestObject("Object Repository/Verificar Consulta/Page_CURA Healthcare Service/div_28122018")): Object 'Object Repository/Verificar Consulta/Page_CURA Healthcare Service/div_28122018' is checked

2018-12-18 20:18:22 - [MESSAGE][PASSED] - Object 'Object Repository/Verificar Consulta/Page_CURA Healthcare Service/div_28122018' is checked

2018-12-18 20:18:22 - [TEST_STEP][PASSED] - click(findTestObject("Object Repository/Verificar Consulta/Page_CURA Healthcare Service/a_Go to Homepage")): Object: 'Object Repository/Verificar Consulta/Page_CURA Healthcare Service/a_Go to Homepage' is clicked on

2018-12-18 20:18:22 - [MESSAGE][PASSED] - Object: 'Object Repository/Verificar Consulta/Page_CURA Healthcare Service/a_Go to Homepage' is clicked on]]></system-out>
         <system-err><![CDATA[]]></system-err>
      </testcase>
      <system-out><![CDATA[2018-12-18 20:17:27 - [TEST_SUITE][PASSED] - TS-01CuraKatalon: Test Cases/Verificar Consulta]]></system-out>
      <system-err><![CDATA[]]></system-err>
   </testsuite>
</testsuites>
